# JRE version: OpenJDK Runtime Environment (8.0_152-b01) (build 1.8.0_152-release-915-b01)
# Java VM: OpenJDK 64-Bit Server VM (25.152-b01 mixed mode windows-amd64 compressed oops)
Heap:
 PSYoungGen      total 229888K, used 172259K [0x00000000e0000000, 0x00000000eff80000, 0x0000000100000000)
  eden space 198144K, 80% used [0x00000000e0000000,0x00000000e9b7cef8,0x00000000ec180000)
  from space 31744K, 41% used [0x00000000ec180000,0x00000000ece3bd38,0x00000000ee080000)
  to   space 30720K, 0% used [0x00000000ee080000,0x00000000ee080000,0x00000000efe80000)
 ParOldGen       total 210432K, used 94153K [0x00000000a0000000, 0x00000000acd80000, 0x00000000e0000000)
  object space 210432K, 44% used [0x00000000a0000000,0x00000000a5bf2638,0x00000000acd80000)
 Metaspace       used 52352K, capacity 53452K, committed 53632K, reserved 1095680K
  class space    used 6385K, capacity 6666K, committed 6784K, reserved 1048576K
GC Heap History (10 events):
Event: 5.823 GC heap before
{Heap before GC invocations=8 (full 3):
 PSYoungGen      total 102400K, used 91648K [0x00000000e0000000, 0x00000000e7080000, 0x0000000100000000)
  eden space 91648K, 100% used [0x00000000e0000000,0x00000000e5980000,0x00000000e5980000)
  from space 10752K, 0% used [0x00000000e6600000,0x00000000e6600000,0x00000000e7080000)
  to   space 10752K, 0% used [0x00000000e5b80000,0x00000000e5b80000,0x00000000e6600000)
 ParOldGen       total 210432K, used 17232K [0x00000000a0000000, 0x00000000acd80000, 0x00000000e0000000)
  object space 210432K, 8% used [0x00000000a0000000,0x00000000a10d4168,0x00000000acd80000)
 Metaspace       used 41391K, capacity 42098K, committed 42240K, reserved 1085440K
  class space    used 5196K, capacity 5371K, committed 5376K, reserved 1048576K
Event: 5.847 GC heap after
Heap after GC invocations=8 (full 3):
 PSYoungGen      total 104448K, used 10740K [0x00000000e0000000, 0x00000000e9080000, 0x0000000100000000)
  eden space 93696K, 0% used [0x00000000e0000000,0x00000000e0000000,0x00000000e5b80000)
  from space 10752K, 99% used [0x00000000e5b80000,0x00000000e65fd108,0x00000000e6600000)
  to   space 10752K, 0% used [0x00000000e8600000,0x00000000e8600000,0x00000000e9080000)
 ParOldGen       total 210432K, used 28013K [0x00000000a0000000, 0x00000000acd80000, 0x00000000e0000000)
  object space 210432K, 13% used [0x00000000a0000000,0x00000000a1b5b5e0,0x00000000acd80000)
 Metaspace       used 41391K, capacity 42098K, committed 42240K, reserved 1085440K
  class space    used 5196K, capacity 5371K, committed 5376K, reserved 1048576K
}
Event: 6.329 GC heap before
{Heap before GC invocations=9 (full 3):
 PSYoungGen      total 104448K, used 95271K [0x00000000e0000000, 0x00000000e9080000, 0x0000000100000000)
  eden space 93696K, 90% used [0x00000000e0000000,0x00000000e528cd50,0x00000000e5b80000)
  from space 10752K, 99% used [0x00000000e5b80000,0x00000000e65fd108,0x00000000e6600000)
  to   space 10752K, 0% used [0x00000000e8600000,0x00000000e8600000,0x00000000e9080000)
 ParOldGen       total 210432K, used 28013K [0x00000000a0000000, 0x00000000acd80000, 0x00000000e0000000)
  object space 210432K, 13% used [0x00000000a0000000,0x00000000a1b5b5e0,0x00000000acd80000)
 Metaspace       used 43560K, capacity 44288K, committed 44672K, reserved 1087488K
  class space    used 5522K, capacity 5708K, committed 5760K, reserved 1048576K
Event: 6.349 GC heap after
Heap after GC invocations=9 (full 3):
 PSYoungGen      total 116224K, used 10720K [0x00000000e0000000, 0x00000000ec680000, 0x0000000100000000)
  eden space 105472K, 0% used [0x00000000e0000000,0x00000000e0000000,0x00000000e6700000)
  from space 10752K, 99% used [0x00000000e8600000,0x00000000e90780f8,0x00000000e9080000)
  to   space 31744K, 0% used [0x00000000e6700000,0x00000000e6700000,0x00000000e8600000)
 ParOldGen       total 210432K, used 44427K [0x00000000a0000000, 0x00000000acd80000, 0x00000000e0000000)
  object space 210432K, 21% used [0x00000000a0000000,0x00000000a2b62eb8,0x00000000acd80000)
 Metaspace       used 43560K, capacity 44288K, committed 44672K, reserved 1087488K
  class space    used 5522K, capacity 5708K, committed 5760K, reserved 1048576K
}
Event: 6.371 GC heap before
{Heap before GC invocations=10 (full 3):
 PSYoungGen      total 116224K, used 112430K [0x00000000e0000000, 0x00000000ec680000, 0x0000000100000000)
  eden space 105472K, 96% used [0x00000000e0000000,0x00000000e63538d0,0x00000000e6700000)
  from space 10752K, 99% used [0x00000000e8600000,0x00000000e90780f8,0x00000000e9080000)
  to   space 31744K, 0% used [0x00000000e6700000,0x00000000e6700000,0x00000000e8600000)
 ParOldGen       total 210432K, used 44427K [0x00000000a0000000, 0x00000000acd80000, 0x00000000e0000000)
  object space 210432K, 21% used [0x00000000a0000000,0x00000000a2b62eb8,0x00000000acd80000)
 Metaspace       used 43571K, capacity 44302K, committed 44672K, reserved 1087488K
  class space    used 5526K, capacity 5711K, committed 5760K, reserved 1048576K
Event: 6.398 GC heap after
Heap after GC invocations=10 (full 3):
 PSYoungGen      total 137216K, used 10848K [0x00000000e0000000, 0x00000000efe80000, 0x0000000100000000)
  eden space 105472K, 0% used [0x00000000e0000000,0x00000000e0000000,0x00000000e6700000)
  from space 31744K, 34% used [0x00000000e6700000,0x00000000e71980f8,0x00000000e8600000)
  to   space 30720K, 0% used [0x00000000ee080000,0x00000000ee080000,0x00000000efe80000)
 ParOldGen       total 210432K, used 85463K [0x00000000a0000000, 0x00000000acd80000, 0x00000000e0000000)
  object space 210432K, 40% used [0x00000000a0000000,0x00000000a5375d20,0x00000000acd80000)
 Metaspace       used 43571K, capacity 44302K, committed 44672K, reserved 1087488K
  class space    used 5526K, capacity 5711K, committed 5760K, reserved 1048576K
}
Event: 6.542 GC heap before
{Heap before GC invocations=11 (full 3):
 PSYoungGen      total 137216K, used 81733K [0x00000000e0000000, 0x00000000efe80000, 0x0000000100000000)
  eden space 105472K, 67% used [0x00000000e0000000,0x00000000e4539428,0x00000000e6700000)
  from space 31744K, 34% used [0x00000000e6700000,0x00000000e71980f8,0x00000000e8600000)
  to   space 30720K, 0% used [0x00000000ee080000,0x00000000ee080000,0x00000000efe80000)
 ParOldGen       total 210432K, used 85463K [0x00000000a0000000, 0x00000000acd80000, 0x00000000e0000000)
  object space 210432K, 40% used [0x00000000a0000000,0x00000000a5375d20,0x00000000acd80000)
 Metaspace       used 44452K, capacity 45298K, committed 45568K, reserved 1089536K
  class space    used 5633K, capacity 5849K, committed 5888K, reserved 1048576K
Event: 6.555 GC heap after
Heap after GC invocations=11 (full 3):
 PSYoungGen      total 228864K, used 22015K [0x00000000e0000000, 0x00000000eff80000, 0x0000000100000000)
  eden space 198144K, 0% used [0x00000000e0000000,0x00000000e0000000,0x00000000ec180000)
  from space 30720K, 71% used [0x00000000ee080000,0x00000000ef5ffff8,0x00000000efe80000)
  to   space 31744K, 0% used [0x00000000ec180000,0x00000000ec180000,0x00000000ee080000)
 ParOldGen       total 210432K, used 85471K [0x00000000a0000000, 0x00000000acd80000, 0x00000000e0000000)
  object space 210432K, 40% used [0x00000000a0000000,0x00000000a5377d20,0x00000000acd80000)
 Metaspace       used 44452K, capacity 45298K, committed 45568K, reserved 1089536K
  class space    used 5633K, capacity 5849K, committed 5888K, reserved 1048576K
}
Event: 6.627 GC heap before
{Heap before GC invocations=12 (full 3):
 PSYoungGen      total 228864K, used 191095K [0x00000000e0000000, 0x00000000eff80000, 0x0000000100000000)
  eden space 198144K, 85% used [0x00000000e0000000,0x00000000ea51de78,0x00000000ec180000)
  from space 30720K, 71% used [0x00000000ee080000,0x00000000ef5ffff8,0x00000000efe80000)
  to   space 31744K, 0% used [0x00000000ec180000,0x00000000ec180000,0x00000000ee080000)
 ParOldGen       total 210432K, used 85471K [0x00000000a0000000, 0x00000000acd80000, 0x00000000e0000000)
  object space 210432K, 40% used [0x00000000a0000000,0x00000000a5377d20,0x00000000acd80000)
 Metaspace       used 44764K, capacity 45606K, committed 45824K, reserved 1089536K
  class space    used 5678K, capacity 5885K, committed 5888K, reserved 1048576K
Event: 6.655 GC heap after
Heap after GC invocations=12 (full 3):
 PSYoungGen      total 229888K, used 13039K [0x00000000e0000000, 0x00000000eff80000, 0x0000000100000000)
  eden space 198144K, 0% used [0x00000000e0000000,0x00000000e0000000,0x00000000ec180000)
  from space 31744K, 41% used [0x00000000ec180000,0x00000000ece3bd38,0x00000000ee080000)
  to   space 30720K, 0% used [0x00000000ee080000,0x00000000ee080000,0x00000000efe80000)
 ParOldGen       total 210432K, used 94153K [0x00000000a0000000, 0x00000000acd80000, 0x00000000e0000000)
  object space 210432K, 44% used [0x00000000a0000000,0x00000000a5bf2638,0x00000000acd80000)
 Metaspace       used 44764K, capacity 45606K, committed 45824K, reserved 1089536K
  class space    used 5678K, capacity 5885K, committed 5888K, reserved 1048576K
}

